
ROM used:   884/4096 (22%)
            884/4096 (22%) including unused fragments

            0.9 Average locations per line
            6.1 Average locations per statement

RAM used:   35/254 (14%) at main() level
            48/254 (19%) worst case

Stack used: 4 worst case (2 in main + 2 for interrupts)
Stack size: 8

Lines Stmts  %   Files
----- ----- ---  -----
  290   144 100  main232.c
   24     0   0  main232.h
  718     0   0  ..\..\..\..\Program Files (x86)\PICC\Devices\16F690.h
----- -----
 1032   144 Total

Page ROM  %  RAM   Vol Diff  Functions:
---- --- --- ---   --- ----  ----------
0     20   2    1             @delay_ms1
0     29   3    0    14  0.8  @const608
0     29   3    0             @const611
0     82   9    1   675  4.8  TIMER2_isr
0     12   1    0    56  1.6  CCP1_isr
0      3   0    0     5  1.0  TIMER1_isr
0     17   2    0   151  4.7  feedback
0     30   3    0   127  1.3  GPIO_Config
0    263  30    2   502  3.3  Read_Measure
0     21   2    5             @MUL1616
0     29   3    2             @ITOF
 Inline        13   367  3.7  @MULFF
0    104  12    1   367  3.7  LED_Sequence
 Inline        10   250  3.6  @FLT
0     31   4    0   250  3.6  Check_Button
0     27   3    0   195  3.1  Mains_Detect
0     15   2    1   110  2.9  Charge_Batt
0     18   2    1   119  2.1  Overload_Detect
0     87  10    1   570  4.8  MAIN
 Inline         0             @cinit1

Program metrics:
    Functions               15
    Statements              144
    Comments                139
    Volume (V)              6371
    Difficulty (D)          45.5
    Effort to implement (E) 289568
    Time to implement (T)   4 hours, 28 minutes
    Est Delivered Bugs (B)  1
    Cyclomatic Complexity   24
    Maintainability (MI)    53

 Segment     Used  Free
-----------  ----  ----
00000-00003     4  0  
00004-00042    63  0  
00043-007FF   817  1164  
00800-00FFF     0  2048  



